<?xml version="1.0" encoding="UTF-8"?>
<!-- Generated by org.testng.reporters.JUnitXMLReporter -->
<testsuite ignored="0" hostname="LAPTOP-VTEHA3BG" failures="0" tests="20" name="Surefire test" time="0.145" errors="0" timestamp="2024-06-15T12:15:56 ICT">
  <testcase classname="com.dustintsan.math.util.swt301.core.test.TestNGTest" name="testCalculateFibonacci" time="0.02"/>
  <testcase classname="com.dustintsan.math.util.swt301.core.test.TestNGTest" name="testCalculateFibonacci" time="0.001"/>
  <testcase classname="com.dustintsan.math.util.swt301.core.test.TestNGTest" name="testCalculateFibonacci" time="0.0"/>
  <testcase classname="com.dustintsan.math.util.swt301.core.test.TestNGTest" name="testCalculateFibonacci" time="0.0"/>
  <testcase classname="com.dustintsan.math.util.swt301.core.test.TestNGTest" name="testCalculateFibonacci" time="0.001"/>
  <testcase classname="com.dustintsan.math.util.swt301.core.test.TestNGTest" name="testCalculateFibonacci" time="0.001"/>
  <testcase classname="com.dustintsan.math.util.swt301.core.test.TestNGTest" name="testCalculateFibonacci" time="0.001"/>
  <testcase classname="com.dustintsan.math.util.swt301.core.test.TestNGTest" name="testCalculateFibonacci" time="0.001"/>
  <testcase classname="com.dustintsan.math.util.swt301.core.test.TestNGTest" name="testCalculateFibonacci" time="0.0"/>
  <testcase classname="com.dustintsan.math.util.swt301.core.test.TestNGTest" name="testCalculateFibonacci" time="0.001"/>
  <testcase classname="com.dustintsan.math.util.swt301.core.test.TestNGTest2" name="testCalculateFibonacci" time="0.002"/>
  <testcase classname="com.dustintsan.math.util.swt301.core.test.TestNGTest2" name="testCalculateFibonacci" time="0.001"/>
  <testcase classname="com.dustintsan.math.util.swt301.core.test.TestNGTest2" name="testCalculateFibonacci" time="0.001"/>
  <testcase classname="com.dustintsan.math.util.swt301.core.test.TestNGTest2" name="testCalculateFibonacci" time="0.001"/>
  <testcase classname="com.dustintsan.math.util.swt301.core.test.TestNGTest2" name="testCalculateFibonacci" time="0.001"/>
  <testcase classname="com.dustintsan.math.util.swt301.core.test.TestNGTest2" name="testCalculateFibonacci" time="0.0"/>
  <testcase classname="com.dustintsan.math.util.swt301.core.test.TestNGTest2" name="testCalculateFibonacci" time="0.001"/>
  <testcase classname="com.dustintsan.math.util.swt301.core.test.TestNGTest2" name="testCalculateFibonacci" time="0.0"/>
  <testcase classname="com.dustintsan.math.util.swt301.core.test.TestNGTest2" name="testCalculateFibonacci" time="0.0"/>
  <testcase classname="com.dustintsan.math.util.swt301.core.test.TestNGTest2" name="testCalculateFibonacci" time="0.001"/>
</testsuite> <!-- Surefire test -->
