<?xml version="1.0" encoding="UTF-8"?>
<testng-results ignored="0" total="20" passed="20" failed="0" skipped="0">
  <reporter-output>
  </reporter-output>
  <suite started-at="2024-06-15T00:22:20 ICT" name="Surefire suite" finished-at="2024-06-15T00:22:20 ICT" duration-ms="315">
    <groups>
    </groups>
    <test started-at="2024-06-15T00:22:20 ICT" name="Surefire test" finished-at="2024-06-15T00:22:20 ICT" duration-ms="315">
      <class name="com.dustintsan.math.util.swt301.core.test.TestNGTest">
        <test-method is-config="true" signature="beforeSuite()[pri:0, instance:com.dustintsan.math.util.swt301.core.test.TestNGTest@29176cc1]" started-at="2024-06-15T00:22:20 ICT" name="beforeSuite" finished-at="2024-06-15T00:22:20 ICT" duration-ms="48" status="PASS">
          <reporter-output>
          </reporter-output>
        </test-method> <!-- beforeSuite -->
        <test-method is-config="true" signature="beforeClass()[pri:0, instance:com.dustintsan.math.util.swt301.core.test.TestNGTest@29176cc1]" started-at="2024-06-15T00:22:20 ICT" name="beforeClass" finished-at="2024-06-15T00:22:20 ICT" duration-ms="3" status="PASS">
          <reporter-output>
          </reporter-output>
        </test-method> <!-- beforeClass -->
        <test-method is-config="true" signature="beforeMethod()[pri:0, instance:com.dustintsan.math.util.swt301.core.test.TestNGTest@29176cc1]" started-at="2024-06-15T00:22:20 ICT" name="beforeMethod" finished-at="2024-06-15T00:22:20 ICT" duration-ms="1" status="PASS">
          <reporter-output>
          </reporter-output>
        </test-method> <!-- beforeMethod -->
        <test-method signature="testCalculateFibonacci(int,int)[pri:0, instance:com.dustintsan.math.util.swt301.core.test.TestNGTest@29176cc1]" started-at="2024-06-15T00:22:20 ICT" name="testCalculateFibonacci" data-provider="fibonacciDataProvider" finished-at="2024-06-15T00:22:20 ICT" duration-ms="31" status="PASS">
          <params>
            <param index="0">
              <value>
                <![CDATA[1]]>
              </value>
            </param>
            <param index="1">
              <value>
                <![CDATA[1]]>
              </value>
            </param>
          </params>
          <reporter-output>
          </reporter-output>
        </test-method> <!-- testCalculateFibonacci -->
        <test-method is-config="true" signature="afterMethod()[pri:0, instance:com.dustintsan.math.util.swt301.core.test.TestNGTest@29176cc1]" started-at="2024-06-15T00:22:20 ICT" name="afterMethod" finished-at="2024-06-15T00:22:20 ICT" duration-ms="1" status="PASS">
          <reporter-output>
          </reporter-output>
        </test-method> <!-- afterMethod -->
        <test-method is-config="true" signature="beforeMethod()[pri:0, instance:com.dustintsan.math.util.swt301.core.test.TestNGTest@29176cc1]" started-at="2024-06-15T00:22:20 ICT" name="beforeMethod" finished-at="2024-06-15T00:22:20 ICT" duration-ms="2" status="PASS">
          <reporter-output>
          </reporter-output>
        </test-method> <!-- beforeMethod -->
        <test-method signature="testCalculateFibonacci(int,int)[pri:0, instance:com.dustintsan.math.util.swt301.core.test.TestNGTest@29176cc1]" started-at="2024-06-15T00:22:20 ICT" name="testCalculateFibonacci" data-provider="fibonacciDataProvider" finished-at="2024-06-15T00:22:20 ICT" duration-ms="1" status="PASS">
          <params>
            <param index="0">
              <value>
                <![CDATA[2]]>
              </value>
            </param>
            <param index="1">
              <value>
                <![CDATA[1]]>
              </value>
            </param>
          </params>
          <reporter-output>
          </reporter-output>
        </test-method> <!-- testCalculateFibonacci -->
        <test-method is-config="true" signature="afterMethod()[pri:0, instance:com.dustintsan.math.util.swt301.core.test.TestNGTest@29176cc1]" started-at="2024-06-15T00:22:20 ICT" name="afterMethod" finished-at="2024-06-15T00:22:20 ICT" duration-ms="1" status="PASS">
          <reporter-output>
          </reporter-output>
        </test-method> <!-- afterMethod -->
        <test-method is-config="true" signature="beforeMethod()[pri:0, instance:com.dustintsan.math.util.swt301.core.test.TestNGTest@29176cc1]" started-at="2024-06-15T00:22:20 ICT" name="beforeMethod" finished-at="2024-06-15T00:22:20 ICT" duration-ms="1" status="PASS">
          <reporter-output>
          </reporter-output>
        </test-method> <!-- beforeMethod -->
        <test-method signature="testCalculateFibonacci(int,int)[pri:0, instance:com.dustintsan.math.util.swt301.core.test.TestNGTest@29176cc1]" started-at="2024-06-15T00:22:20 ICT" name="testCalculateFibonacci" data-provider="fibonacciDataProvider" finished-at="2024-06-15T00:22:20 ICT" duration-ms="2" status="PASS">
          <params>
            <param index="0">
              <value>
                <![CDATA[3]]>
              </value>
            </param>
            <param index="1">
              <value>
                <![CDATA[2]]>
              </value>
            </param>
          </params>
          <reporter-output>
          </reporter-output>
        </test-method> <!-- testCalculateFibonacci -->
        <test-method is-config="true" signature="afterMethod()[pri:0, instance:com.dustintsan.math.util.swt301.core.test.TestNGTest@29176cc1]" started-at="2024-06-15T00:22:20 ICT" name="afterMethod" finished-at="2024-06-15T00:22:20 ICT" duration-ms="1" status="PASS">
          <reporter-output>
          </reporter-output>
        </test-method> <!-- afterMethod -->
        <test-method is-config="true" signature="beforeMethod()[pri:0, instance:com.dustintsan.math.util.swt301.core.test.TestNGTest@29176cc1]" started-at="2024-06-15T00:22:20 ICT" name="beforeMethod" finished-at="2024-06-15T00:22:20 ICT" duration-ms="1" status="PASS">
          <reporter-output>
          </reporter-output>
        </test-method> <!-- beforeMethod -->
        <test-method signature="testCalculateFibonacci(int,int)[pri:0, instance:com.dustintsan.math.util.swt301.core.test.TestNGTest@29176cc1]" started-at="2024-06-15T00:22:20 ICT" name="testCalculateFibonacci" data-provider="fibonacciDataProvider" finished-at="2024-06-15T00:22:20 ICT" duration-ms="1" status="PASS">
          <params>
            <param index="0">
              <value>
                <![CDATA[4]]>
              </value>
            </param>
            <param index="1">
              <value>
                <![CDATA[3]]>
              </value>
            </param>
          </params>
          <reporter-output>
          </reporter-output>
        </test-method> <!-- testCalculateFibonacci -->
        <test-method is-config="true" signature="afterMethod()[pri:0, instance:com.dustintsan.math.util.swt301.core.test.TestNGTest@29176cc1]" started-at="2024-06-15T00:22:20 ICT" name="afterMethod" finished-at="2024-06-15T00:22:20 ICT" duration-ms="2" status="PASS">
          <reporter-output>
          </reporter-output>
        </test-method> <!-- afterMethod -->
        <test-method is-config="true" signature="beforeMethod()[pri:0, instance:com.dustintsan.math.util.swt301.core.test.TestNGTest@29176cc1]" started-at="2024-06-15T00:22:20 ICT" name="beforeMethod" finished-at="2024-06-15T00:22:20 ICT" duration-ms="1" status="PASS">
          <reporter-output>
          </reporter-output>
        </test-method> <!-- beforeMethod -->
        <test-method signature="testCalculateFibonacci(int,int)[pri:0, instance:com.dustintsan.math.util.swt301.core.test.TestNGTest@29176cc1]" started-at="2024-06-15T00:22:20 ICT" name="testCalculateFibonacci" data-provider="fibonacciDataProvider" finished-at="2024-06-15T00:22:20 ICT" duration-ms="2" status="PASS">
          <params>
            <param index="0">
              <value>
                <![CDATA[5]]>
              </value>
            </param>
            <param index="1">
              <value>
                <![CDATA[5]]>
              </value>
            </param>
          </params>
          <reporter-output>
          </reporter-output>
        </test-method> <!-- testCalculateFibonacci -->
        <test-method is-config="true" signature="afterMethod()[pri:0, instance:com.dustintsan.math.util.swt301.core.test.TestNGTest@29176cc1]" started-at="2024-06-15T00:22:20 ICT" name="afterMethod" finished-at="2024-06-15T00:22:20 ICT" duration-ms="1" status="PASS">
          <reporter-output>
          </reporter-output>
        </test-method> <!-- afterMethod -->
        <test-method is-config="true" signature="beforeMethod()[pri:0, instance:com.dustintsan.math.util.swt301.core.test.TestNGTest@29176cc1]" started-at="2024-06-15T00:22:20 ICT" name="beforeMethod" finished-at="2024-06-15T00:22:20 ICT" duration-ms="2" status="PASS">
          <reporter-output>
          </reporter-output>
        </test-method> <!-- beforeMethod -->
        <test-method signature="testCalculateFibonacci(int,int)[pri:0, instance:com.dustintsan.math.util.swt301.core.test.TestNGTest@29176cc1]" started-at="2024-06-15T00:22:20 ICT" name="testCalculateFibonacci" data-provider="fibonacciDataProvider" finished-at="2024-06-15T00:22:20 ICT" duration-ms="1" status="PASS">
          <params>
            <param index="0">
              <value>
                <![CDATA[6]]>
              </value>
            </param>
            <param index="1">
              <value>
                <![CDATA[8]]>
              </value>
            </param>
          </params>
          <reporter-output>
          </reporter-output>
        </test-method> <!-- testCalculateFibonacci -->
        <test-method is-config="true" signature="afterMethod()[pri:0, instance:com.dustintsan.math.util.swt301.core.test.TestNGTest@29176cc1]" started-at="2024-06-15T00:22:20 ICT" name="afterMethod" finished-at="2024-06-15T00:22:20 ICT" duration-ms="1" status="PASS">
          <reporter-output>
          </reporter-output>
        </test-method> <!-- afterMethod -->
        <test-method is-config="true" signature="beforeMethod()[pri:0, instance:com.dustintsan.math.util.swt301.core.test.TestNGTest@29176cc1]" started-at="2024-06-15T00:22:20 ICT" name="beforeMethod" finished-at="2024-06-15T00:22:20 ICT" duration-ms="1" status="PASS">
          <reporter-output>
          </reporter-output>
        </test-method> <!-- beforeMethod -->
        <test-method signature="testCalculateFibonacci(int,int)[pri:0, instance:com.dustintsan.math.util.swt301.core.test.TestNGTest@29176cc1]" started-at="2024-06-15T00:22:20 ICT" name="testCalculateFibonacci" data-provider="fibonacciDataProvider" finished-at="2024-06-15T00:22:20 ICT" duration-ms="1" status="PASS">
          <params>
            <param index="0">
              <value>
                <![CDATA[7]]>
              </value>
            </param>
            <param index="1">
              <value>
                <![CDATA[13]]>
              </value>
            </param>
          </params>
          <reporter-output>
          </reporter-output>
        </test-method> <!-- testCalculateFibonacci -->
        <test-method is-config="true" signature="afterMethod()[pri:0, instance:com.dustintsan.math.util.swt301.core.test.TestNGTest@29176cc1]" started-at="2024-06-15T00:22:20 ICT" name="afterMethod" finished-at="2024-06-15T00:22:20 ICT" duration-ms="2" status="PASS">
          <reporter-output>
          </reporter-output>
        </test-method> <!-- afterMethod -->
        <test-method is-config="true" signature="beforeMethod()[pri:0, instance:com.dustintsan.math.util.swt301.core.test.TestNGTest@29176cc1]" started-at="2024-06-15T00:22:20 ICT" name="beforeMethod" finished-at="2024-06-15T00:22:20 ICT" duration-ms="2" status="PASS">
          <reporter-output>
          </reporter-output>
        </test-method> <!-- beforeMethod -->
        <test-method signature="testCalculateFibonacci(int,int)[pri:0, instance:com.dustintsan.math.util.swt301.core.test.TestNGTest@29176cc1]" started-at="2024-06-15T00:22:20 ICT" name="testCalculateFibonacci" data-provider="fibonacciDataProvider" finished-at="2024-06-15T00:22:20 ICT" duration-ms="1" status="PASS">
          <params>
            <param index="0">
              <value>
                <![CDATA[8]]>
              </value>
            </param>
            <param index="1">
              <value>
                <![CDATA[21]]>
              </value>
            </param>
          </params>
          <reporter-output>
          </reporter-output>
        </test-method> <!-- testCalculateFibonacci -->
        <test-method is-config="true" signature="afterMethod()[pri:0, instance:com.dustintsan.math.util.swt301.core.test.TestNGTest@29176cc1]" started-at="2024-06-15T00:22:20 ICT" name="afterMethod" finished-at="2024-06-15T00:22:20 ICT" duration-ms="1" status="PASS">
          <reporter-output>
          </reporter-output>
        </test-method> <!-- afterMethod -->
        <test-method signature="testCalculateFibonacci(int,int)[pri:0, instance:com.dustintsan.math.util.swt301.core.test.TestNGTest@29176cc1]" started-at="2024-06-15T00:22:20 ICT" name="testCalculateFibonacci" data-provider="fibonacciDataProvider" finished-at="2024-06-15T00:22:20 ICT" duration-ms="1" status="PASS">
          <params>
            <param index="0">
              <value>
                <![CDATA[9]]>
              </value>
            </param>
            <param index="1">
              <value>
                <![CDATA[34]]>
              </value>
            </param>
          </params>
          <reporter-output>
          </reporter-output>
        </test-method> <!-- testCalculateFibonacci -->
        <test-method is-config="true" signature="beforeMethod()[pri:0, instance:com.dustintsan.math.util.swt301.core.test.TestNGTest@29176cc1]" started-at="2024-06-15T00:22:20 ICT" name="beforeMethod" finished-at="2024-06-15T00:22:20 ICT" duration-ms="0" status="PASS">
          <reporter-output>
          </reporter-output>
        </test-method> <!-- beforeMethod -->
        <test-method is-config="true" signature="afterMethod()[pri:0, instance:com.dustintsan.math.util.swt301.core.test.TestNGTest@29176cc1]" started-at="2024-06-15T00:22:20 ICT" name="afterMethod" finished-at="2024-06-15T00:22:20 ICT" duration-ms="1" status="PASS">
          <reporter-output>
          </reporter-output>
        </test-method> <!-- afterMethod -->
        <test-method is-config="true" signature="beforeMethod()[pri:0, instance:com.dustintsan.math.util.swt301.core.test.TestNGTest@29176cc1]" started-at="2024-06-15T00:22:20 ICT" name="beforeMethod" finished-at="2024-06-15T00:22:20 ICT" duration-ms="1" status="PASS">
          <reporter-output>
          </reporter-output>
        </test-method> <!-- beforeMethod -->
        <test-method signature="testCalculateFibonacci(int,int)[pri:0, instance:com.dustintsan.math.util.swt301.core.test.TestNGTest@29176cc1]" started-at="2024-06-15T00:22:20 ICT" name="testCalculateFibonacci" data-provider="fibonacciDataProvider" finished-at="2024-06-15T00:22:20 ICT" duration-ms="0" status="PASS">
          <params>
            <param index="0">
              <value>
                <![CDATA[10]]>
              </value>
            </param>
            <param index="1">
              <value>
                <![CDATA[55]]>
              </value>
            </param>
          </params>
          <reporter-output>
          </reporter-output>
        </test-method> <!-- testCalculateFibonacci -->
        <test-method is-config="true" signature="afterMethod()[pri:0, instance:com.dustintsan.math.util.swt301.core.test.TestNGTest@29176cc1]" started-at="2024-06-15T00:22:20 ICT" name="afterMethod" finished-at="2024-06-15T00:22:20 ICT" duration-ms="1" status="PASS">
          <reporter-output>
          </reporter-output>
        </test-method> <!-- afterMethod -->
        <test-method is-config="true" signature="afterClass()[pri:0, instance:com.dustintsan.math.util.swt301.core.test.TestNGTest@29176cc1]" started-at="2024-06-15T00:22:20 ICT" name="afterClass" finished-at="2024-06-15T00:22:20 ICT" duration-ms="4" status="PASS">
          <reporter-output>
          </reporter-output>
        </test-method> <!-- afterClass -->
        <test-method is-config="true" signature="afterSuite()[pri:0, instance:com.dustintsan.math.util.swt301.core.test.TestNGTest@29176cc1]" started-at="2024-06-15T00:22:20 ICT" name="afterSuite" finished-at="2024-06-15T00:22:20 ICT" duration-ms="3" status="PASS">
          <reporter-output>
          </reporter-output>
        </test-method> <!-- afterSuite -->
      </class> <!-- com.dustintsan.math.util.swt301.core.test.TestNGTest -->
      <class name="com.dustintsan.math.util.swt301.core.test.TestNGTest2">
        <test-method is-config="true" signature="beforeSuite()[pri:0, instance:com.dustintsan.math.util.swt301.core.test.TestNGTest2@15b204a1]" started-at="2024-06-15T00:22:20 ICT" name="beforeSuite" finished-at="2024-06-15T00:22:20 ICT" duration-ms="6" status="PASS">
          <reporter-output>
          </reporter-output>
        </test-method> <!-- beforeSuite -->
        <test-method is-config="true" signature="beforeClass()[pri:0, instance:com.dustintsan.math.util.swt301.core.test.TestNGTest2@15b204a1]" started-at="2024-06-15T00:22:20 ICT" name="beforeClass" finished-at="2024-06-15T00:22:20 ICT" duration-ms="2" status="PASS">
          <reporter-output>
          </reporter-output>
        </test-method> <!-- beforeClass -->
        <test-method is-config="true" signature="beforeMethod()[pri:0, instance:com.dustintsan.math.util.swt301.core.test.TestNGTest2@15b204a1]" started-at="2024-06-15T00:22:20 ICT" name="beforeMethod" finished-at="2024-06-15T00:22:20 ICT" duration-ms="2" status="PASS">
          <reporter-output>
          </reporter-output>
        </test-method> <!-- beforeMethod -->
        <test-method signature="testCalculateFibonacci(int,int)[pri:0, instance:com.dustintsan.math.util.swt301.core.test.TestNGTest2@15b204a1]" started-at="2024-06-15T00:22:20 ICT" name="testCalculateFibonacci" data-provider="fibonacciDataProvider" finished-at="2024-06-15T00:22:20 ICT" duration-ms="6" status="PASS">
          <params>
            <param index="0">
              <value>
                <![CDATA[11]]>
              </value>
            </param>
            <param index="1">
              <value>
                <![CDATA[89]]>
              </value>
            </param>
          </params>
          <reporter-output>
          </reporter-output>
        </test-method> <!-- testCalculateFibonacci -->
        <test-method is-config="true" signature="afterMethod()[pri:0, instance:com.dustintsan.math.util.swt301.core.test.TestNGTest2@15b204a1]" started-at="2024-06-15T00:22:20 ICT" name="afterMethod" finished-at="2024-06-15T00:22:20 ICT" duration-ms="3" status="PASS">
          <reporter-output>
          </reporter-output>
        </test-method> <!-- afterMethod -->
        <test-method is-config="true" signature="beforeMethod()[pri:0, instance:com.dustintsan.math.util.swt301.core.test.TestNGTest2@15b204a1]" started-at="2024-06-15T00:22:20 ICT" name="beforeMethod" finished-at="2024-06-15T00:22:20 ICT" duration-ms="1" status="PASS">
          <reporter-output>
          </reporter-output>
        </test-method> <!-- beforeMethod -->
        <test-method signature="testCalculateFibonacci(int,int)[pri:0, instance:com.dustintsan.math.util.swt301.core.test.TestNGTest2@15b204a1]" started-at="2024-06-15T00:22:20 ICT" name="testCalculateFibonacci" data-provider="fibonacciDataProvider" finished-at="2024-06-15T00:22:20 ICT" duration-ms="1" status="PASS">
          <params>
            <param index="0">
              <value>
                <![CDATA[12]]>
              </value>
            </param>
            <param index="1">
              <value>
                <![CDATA[144]]>
              </value>
            </param>
          </params>
          <reporter-output>
          </reporter-output>
        </test-method> <!-- testCalculateFibonacci -->
        <test-method is-config="true" signature="afterMethod()[pri:0, instance:com.dustintsan.math.util.swt301.core.test.TestNGTest2@15b204a1]" started-at="2024-06-15T00:22:20 ICT" name="afterMethod" finished-at="2024-06-15T00:22:20 ICT" duration-ms="1" status="PASS">
          <reporter-output>
          </reporter-output>
        </test-method> <!-- afterMethod -->
        <test-method is-config="true" signature="beforeMethod()[pri:0, instance:com.dustintsan.math.util.swt301.core.test.TestNGTest2@15b204a1]" started-at="2024-06-15T00:22:20 ICT" name="beforeMethod" finished-at="2024-06-15T00:22:20 ICT" duration-ms="2" status="PASS">
          <reporter-output>
          </reporter-output>
        </test-method> <!-- beforeMethod -->
        <test-method signature="testCalculateFibonacci(int,int)[pri:0, instance:com.dustintsan.math.util.swt301.core.test.TestNGTest2@15b204a1]" started-at="2024-06-15T00:22:20 ICT" name="testCalculateFibonacci" data-provider="fibonacciDataProvider" finished-at="2024-06-15T00:22:20 ICT" duration-ms="2" status="PASS">
          <params>
            <param index="0">
              <value>
                <![CDATA[13]]>
              </value>
            </param>
            <param index="1">
              <value>
                <![CDATA[233]]>
              </value>
            </param>
          </params>
          <reporter-output>
          </reporter-output>
        </test-method> <!-- testCalculateFibonacci -->
        <test-method is-config="true" signature="afterMethod()[pri:0, instance:com.dustintsan.math.util.swt301.core.test.TestNGTest2@15b204a1]" started-at="2024-06-15T00:22:20 ICT" name="afterMethod" finished-at="2024-06-15T00:22:20 ICT" duration-ms="1" status="PASS">
          <reporter-output>
          </reporter-output>
        </test-method> <!-- afterMethod -->
        <test-method is-config="true" signature="beforeMethod()[pri:0, instance:com.dustintsan.math.util.swt301.core.test.TestNGTest2@15b204a1]" started-at="2024-06-15T00:22:20 ICT" name="beforeMethod" finished-at="2024-06-15T00:22:20 ICT" duration-ms="0" status="PASS">
          <reporter-output>
          </reporter-output>
        </test-method> <!-- beforeMethod -->
        <test-method signature="testCalculateFibonacci(int,int)[pri:0, instance:com.dustintsan.math.util.swt301.core.test.TestNGTest2@15b204a1]" started-at="2024-06-15T00:22:20 ICT" name="testCalculateFibonacci" data-provider="fibonacciDataProvider" finished-at="2024-06-15T00:22:20 ICT" duration-ms="0" status="PASS">
          <params>
            <param index="0">
              <value>
                <![CDATA[14]]>
              </value>
            </param>
            <param index="1">
              <value>
                <![CDATA[377]]>
              </value>
            </param>
          </params>
          <reporter-output>
          </reporter-output>
        </test-method> <!-- testCalculateFibonacci -->
        <test-method is-config="true" signature="afterMethod()[pri:0, instance:com.dustintsan.math.util.swt301.core.test.TestNGTest2@15b204a1]" started-at="2024-06-15T00:22:20 ICT" name="afterMethod" finished-at="2024-06-15T00:22:20 ICT" duration-ms="4" status="PASS">
          <reporter-output>
          </reporter-output>
        </test-method> <!-- afterMethod -->
        <test-method is-config="true" signature="beforeMethod()[pri:0, instance:com.dustintsan.math.util.swt301.core.test.TestNGTest2@15b204a1]" started-at="2024-06-15T00:22:20 ICT" name="beforeMethod" finished-at="2024-06-15T00:22:20 ICT" duration-ms="1" status="PASS">
          <reporter-output>
          </reporter-output>
        </test-method> <!-- beforeMethod -->
        <test-method signature="testCalculateFibonacci(int,int)[pri:0, instance:com.dustintsan.math.util.swt301.core.test.TestNGTest2@15b204a1]" started-at="2024-06-15T00:22:20 ICT" name="testCalculateFibonacci" data-provider="fibonacciDataProvider" finished-at="2024-06-15T00:22:20 ICT" duration-ms="2" status="PASS">
          <params>
            <param index="0">
              <value>
                <![CDATA[15]]>
              </value>
            </param>
            <param index="1">
              <value>
                <![CDATA[610]]>
              </value>
            </param>
          </params>
          <reporter-output>
          </reporter-output>
        </test-method> <!-- testCalculateFibonacci -->
        <test-method is-config="true" signature="afterMethod()[pri:0, instance:com.dustintsan.math.util.swt301.core.test.TestNGTest2@15b204a1]" started-at="2024-06-15T00:22:20 ICT" name="afterMethod" finished-at="2024-06-15T00:22:20 ICT" duration-ms="2" status="PASS">
          <reporter-output>
          </reporter-output>
        </test-method> <!-- afterMethod -->
        <test-method is-config="true" signature="beforeMethod()[pri:0, instance:com.dustintsan.math.util.swt301.core.test.TestNGTest2@15b204a1]" started-at="2024-06-15T00:22:20 ICT" name="beforeMethod" finished-at="2024-06-15T00:22:20 ICT" duration-ms="2" status="PASS">
          <reporter-output>
          </reporter-output>
        </test-method> <!-- beforeMethod -->
        <test-method signature="testCalculateFibonacci(int,int)[pri:0, instance:com.dustintsan.math.util.swt301.core.test.TestNGTest2@15b204a1]" started-at="2024-06-15T00:22:20 ICT" name="testCalculateFibonacci" data-provider="fibonacciDataProvider" finished-at="2024-06-15T00:22:20 ICT" duration-ms="1" status="PASS">
          <params>
            <param index="0">
              <value>
                <![CDATA[16]]>
              </value>
            </param>
            <param index="1">
              <value>
                <![CDATA[987]]>
              </value>
            </param>
          </params>
          <reporter-output>
          </reporter-output>
        </test-method> <!-- testCalculateFibonacci -->
        <test-method is-config="true" signature="afterMethod()[pri:0, instance:com.dustintsan.math.util.swt301.core.test.TestNGTest2@15b204a1]" started-at="2024-06-15T00:22:20 ICT" name="afterMethod" finished-at="2024-06-15T00:22:20 ICT" duration-ms="2" status="PASS">
          <reporter-output>
          </reporter-output>
        </test-method> <!-- afterMethod -->
        <test-method is-config="true" signature="beforeMethod()[pri:0, instance:com.dustintsan.math.util.swt301.core.test.TestNGTest2@15b204a1]" started-at="2024-06-15T00:22:20 ICT" name="beforeMethod" finished-at="2024-06-15T00:22:20 ICT" duration-ms="1" status="PASS">
          <reporter-output>
          </reporter-output>
        </test-method> <!-- beforeMethod -->
        <test-method signature="testCalculateFibonacci(int,int)[pri:0, instance:com.dustintsan.math.util.swt301.core.test.TestNGTest2@15b204a1]" started-at="2024-06-15T00:22:20 ICT" name="testCalculateFibonacci" data-provider="fibonacciDataProvider" finished-at="2024-06-15T00:22:20 ICT" duration-ms="0" status="PASS">
          <params>
            <param index="0">
              <value>
                <![CDATA[17]]>
              </value>
            </param>
            <param index="1">
              <value>
                <![CDATA[1597]]>
              </value>
            </param>
          </params>
          <reporter-output>
          </reporter-output>
        </test-method> <!-- testCalculateFibonacci -->
        <test-method is-config="true" signature="afterMethod()[pri:0, instance:com.dustintsan.math.util.swt301.core.test.TestNGTest2@15b204a1]" started-at="2024-06-15T00:22:20 ICT" name="afterMethod" finished-at="2024-06-15T00:22:20 ICT" duration-ms="1" status="PASS">
          <reporter-output>
          </reporter-output>
        </test-method> <!-- afterMethod -->
        <test-method is-config="true" signature="beforeMethod()[pri:0, instance:com.dustintsan.math.util.swt301.core.test.TestNGTest2@15b204a1]" started-at="2024-06-15T00:22:20 ICT" name="beforeMethod" finished-at="2024-06-15T00:22:20 ICT" duration-ms="2" status="PASS">
          <reporter-output>
          </reporter-output>
        </test-method> <!-- beforeMethod -->
        <test-method signature="testCalculateFibonacci(int,int)[pri:0, instance:com.dustintsan.math.util.swt301.core.test.TestNGTest2@15b204a1]" started-at="2024-06-15T00:22:20 ICT" name="testCalculateFibonacci" data-provider="fibonacciDataProvider" finished-at="2024-06-15T00:22:20 ICT" duration-ms="3" status="PASS">
          <params>
            <param index="0">
              <value>
                <![CDATA[18]]>
              </value>
            </param>
            <param index="1">
              <value>
                <![CDATA[2584]]>
              </value>
            </param>
          </params>
          <reporter-output>
          </reporter-output>
        </test-method> <!-- testCalculateFibonacci -->
        <test-method is-config="true" signature="afterMethod()[pri:0, instance:com.dustintsan.math.util.swt301.core.test.TestNGTest2@15b204a1]" started-at="2024-06-15T00:22:20 ICT" name="afterMethod" finished-at="2024-06-15T00:22:20 ICT" duration-ms="3" status="PASS">
          <reporter-output>
          </reporter-output>
        </test-method> <!-- afterMethod -->
        <test-method is-config="true" signature="beforeMethod()[pri:0, instance:com.dustintsan.math.util.swt301.core.test.TestNGTest2@15b204a1]" started-at="2024-06-15T00:22:20 ICT" name="beforeMethod" finished-at="2024-06-15T00:22:20 ICT" duration-ms="0" status="PASS">
          <reporter-output>
          </reporter-output>
        </test-method> <!-- beforeMethod -->
        <test-method signature="testCalculateFibonacci(int,int)[pri:0, instance:com.dustintsan.math.util.swt301.core.test.TestNGTest2@15b204a1]" started-at="2024-06-15T00:22:20 ICT" name="testCalculateFibonacci" data-provider="fibonacciDataProvider" finished-at="2024-06-15T00:22:20 ICT" duration-ms="0" status="PASS">
          <params>
            <param index="0">
              <value>
                <![CDATA[19]]>
              </value>
            </param>
            <param index="1">
              <value>
                <![CDATA[4181]]>
              </value>
            </param>
          </params>
          <reporter-output>
          </reporter-output>
        </test-method> <!-- testCalculateFibonacci -->
        <test-method is-config="true" signature="afterMethod()[pri:0, instance:com.dustintsan.math.util.swt301.core.test.TestNGTest2@15b204a1]" started-at="2024-06-15T00:22:20 ICT" name="afterMethod" finished-at="2024-06-15T00:22:20 ICT" duration-ms="1" status="PASS">
          <reporter-output>
          </reporter-output>
        </test-method> <!-- afterMethod -->
        <test-method is-config="true" signature="beforeMethod()[pri:0, instance:com.dustintsan.math.util.swt301.core.test.TestNGTest2@15b204a1]" started-at="2024-06-15T00:22:20 ICT" name="beforeMethod" finished-at="2024-06-15T00:22:20 ICT" duration-ms="1" status="PASS">
          <reporter-output>
          </reporter-output>
        </test-method> <!-- beforeMethod -->
        <test-method signature="testCalculateFibonacci(int,int)[pri:0, instance:com.dustintsan.math.util.swt301.core.test.TestNGTest2@15b204a1]" started-at="2024-06-15T00:22:20 ICT" name="testCalculateFibonacci" data-provider="fibonacciDataProvider" finished-at="2024-06-15T00:22:20 ICT" duration-ms="1" status="PASS">
          <params>
            <param index="0">
              <value>
                <![CDATA[20]]>
              </value>
            </param>
            <param index="1">
              <value>
                <![CDATA[6765]]>
              </value>
            </param>
          </params>
          <reporter-output>
          </reporter-output>
        </test-method> <!-- testCalculateFibonacci -->
        <test-method is-config="true" signature="afterMethod()[pri:0, instance:com.dustintsan.math.util.swt301.core.test.TestNGTest2@15b204a1]" started-at="2024-06-15T00:22:20 ICT" name="afterMethod" finished-at="2024-06-15T00:22:20 ICT" duration-ms="1" status="PASS">
          <reporter-output>
          </reporter-output>
        </test-method> <!-- afterMethod -->
        <test-method is-config="true" signature="afterClass()[pri:0, instance:com.dustintsan.math.util.swt301.core.test.TestNGTest2@15b204a1]" started-at="2024-06-15T00:22:20 ICT" name="afterClass" finished-at="2024-06-15T00:22:20 ICT" duration-ms="2" status="PASS">
          <reporter-output>
          </reporter-output>
        </test-method> <!-- afterClass -->
        <test-method is-config="true" signature="afterSuite()[pri:0, instance:com.dustintsan.math.util.swt301.core.test.TestNGTest2@15b204a1]" started-at="2024-06-15T00:22:20 ICT" name="afterSuite" finished-at="2024-06-15T00:22:20 ICT" duration-ms="1" status="PASS">
          <reporter-output>
          </reporter-output>
        </test-method> <!-- afterSuite -->
      </class> <!-- com.dustintsan.math.util.swt301.core.test.TestNGTest2 -->
    </test> <!-- Surefire test -->
  </suite> <!-- Surefire suite -->
</testng-results>
