<?xml version="1.0" encoding="UTF-8"?>
<testsuite xmlns:xsi="http://www.w3.org/2001/XMLSchema-instance" xsi:noNamespaceSchemaLocation="https://maven.apache.org/surefire/maven-surefire-plugin/xsd/surefire-test-report-3.0.xsd" version="3.0" name="TestSuite" time="1.635" tests="20" errors="0" skipped="0" failures="0">
  <properties>
[...]
</properties>
  <testcase name="testCalculateFibonacci[1, 1](1)" classname="com.dustintsan.math.util.swt301.core.test.TestNGTest" time="0.031">
    <system-out><![CDATA[Before Suite: Initialize resources
Before Suite: Initialize resources
Before Class: Instantiate FibonacciCalculator
Before Method: Setup before each test method
Test: Calculating Fibonacci for n = 1
Result of calculating Fibonacci for n = 1 result = 1
]]></system-out>
    <system-err><![CDATA[SLF4J: Failed to load class "org.slf4j.impl.StaticLoggerBinder".
SLF4J: Defaulting to no-operation (NOP) logger implementation
SLF4J: See http://www.slf4j.org/codes.html#StaticLoggerBinder for further details.
]]></system-err>
  </testcase>
  <testcase name="testCalculateFibonacci[2, 1](2)" classname="com.dustintsan.math.util.swt301.core.test.TestNGTest" time="0.0">
    <system-out><![CDATA[After Method: Cleanup after each test method
Before Method: Setup before each test method
Test: Calculating Fibonacci for n = 2
Result of calculating Fibonacci for n = 2 result = 1
]]></system-out>
  </testcase>
  <testcase name="testCalculateFibonacci[3, 2](3)" classname="com.dustintsan.math.util.swt301.core.test.TestNGTest" time="0.0">
    <system-out><![CDATA[After Method: Cleanup after each test method
Before Method: Setup before each test method
Test: Calculating Fibonacci for n = 3
Result of calculating Fibonacci for n = 3 result = 2
]]></system-out>
  </testcase>
  <testcase name="testCalculateFibonacci[4, 3](4)" classname="com.dustintsan.math.util.swt301.core.test.TestNGTest" time="0.0">
    <system-out><![CDATA[After Method: Cleanup after each test method
Before Method: Setup before each test method
Test: Calculating Fibonacci for n = 4
Result of calculating Fibonacci for n = 4 result = 3
]]></system-out>
  </testcase>
  <testcase name="testCalculateFibonacci[5, 5](5)" classname="com.dustintsan.math.util.swt301.core.test.TestNGTest" time="0.0">
    <system-out><![CDATA[After Method: Cleanup after each test method
Before Method: Setup before each test method
Test: Calculating Fibonacci for n = 5
Result of calculating Fibonacci for n = 5 result = 5
]]></system-out>
  </testcase>
  <testcase name="testCalculateFibonacci[6, 8](6)" classname="com.dustintsan.math.util.swt301.core.test.TestNGTest" time="0.0">
    <system-out><![CDATA[After Method: Cleanup after each test method
Before Method: Setup before each test method
Test: Calculating Fibonacci for n = 6
Result of calculating Fibonacci for n = 6 result = 8
]]></system-out>
  </testcase>
  <testcase name="testCalculateFibonacci[7, 13](7)" classname="com.dustintsan.math.util.swt301.core.test.TestNGTest" time="0.0">
    <system-out><![CDATA[After Method: Cleanup after each test method
Before Method: Setup before each test method
Test: Calculating Fibonacci for n = 7
Result of calculating Fibonacci for n = 7 result = 13
]]></system-out>
  </testcase>
  <testcase name="testCalculateFibonacci[8, 21](8)" classname="com.dustintsan.math.util.swt301.core.test.TestNGTest" time="0.0">
    <system-out><![CDATA[After Method: Cleanup after each test method
Before Method: Setup before each test method
Test: Calculating Fibonacci for n = 8
Result of calculating Fibonacci for n = 8 result = 21
]]></system-out>
  </testcase>
  <testcase name="testCalculateFibonacci[9, 34](9)" classname="com.dustintsan.math.util.swt301.core.test.TestNGTest" time="0.0">
    <system-out><![CDATA[After Method: Cleanup after each test method
Before Method: Setup before each test method
Test: Calculating Fibonacci for n = 9
Result of calculating Fibonacci for n = 9 result = 34
]]></system-out>
  </testcase>
  <testcase name="testCalculateFibonacci[10, 55](10)" classname="com.dustintsan.math.util.swt301.core.test.TestNGTest" time="0.0">
    <system-out><![CDATA[After Method: Cleanup after each test method
Before Method: Setup before each test method
Test: Calculating Fibonacci for n = 10
Result of calculating Fibonacci for n = 10 result = 55
]]></system-out>
  </testcase>
  <testcase name="testCalculateFibonacci[11, 89](1)" classname="com.dustintsan.math.util.swt301.core.test.TestNGTest2" time="0.006">
    <system-out><![CDATA[After Method: Cleanup after each test method
After Class: Nullify FibonacciCalculator
Before Class: Instantiate FibonacciCalculator
Before Method: Setup before each test method
Test: Calculating Fibonacci for n = 11
Result of calculating Fibonacci for n = 11 result = 89
]]></system-out>
  </testcase>
  <testcase name="testCalculateFibonacci[12, 144](2)" classname="com.dustintsan.math.util.swt301.core.test.TestNGTest2" time="0.0">
    <system-out><![CDATA[After Method: Cleanup after each test method
Before Method: Setup before each test method
Test: Calculating Fibonacci for n = 12
Result of calculating Fibonacci for n = 12 result = 144
]]></system-out>
  </testcase>
  <testcase name="testCalculateFibonacci[13, 233](3)" classname="com.dustintsan.math.util.swt301.core.test.TestNGTest2" time="0.0">
    <system-out><![CDATA[After Method: Cleanup after each test method
Before Method: Setup before each test method
Test: Calculating Fibonacci for n = 13
Result of calculating Fibonacci for n = 13 result = 233
]]></system-out>
  </testcase>
  <testcase name="testCalculateFibonacci[14, 377](4)" classname="com.dustintsan.math.util.swt301.core.test.TestNGTest2" time="0.0">
    <system-out><![CDATA[After Method: Cleanup after each test method
Before Method: Setup before each test method
Test: Calculating Fibonacci for n = 14
Result of calculating Fibonacci for n = 14 result = 377
]]></system-out>
  </testcase>
  <testcase name="testCalculateFibonacci[15, 610](5)" classname="com.dustintsan.math.util.swt301.core.test.TestNGTest2" time="0.0">
    <system-out><![CDATA[After Method: Cleanup after each test method
Before Method: Setup before each test method
Test: Calculating Fibonacci for n = 15
Result of calculating Fibonacci for n = 15 result = 610
]]></system-out>
  </testcase>
  <testcase name="testCalculateFibonacci[16, 987](6)" classname="com.dustintsan.math.util.swt301.core.test.TestNGTest2" time="0.0">
    <system-out><![CDATA[After Method: Cleanup after each test method
Before Method: Setup before each test method
Test: Calculating Fibonacci for n = 16
Result of calculating Fibonacci for n = 16 result = 987
]]></system-out>
  </testcase>
  <testcase name="testCalculateFibonacci[17, 1597](7)" classname="com.dustintsan.math.util.swt301.core.test.TestNGTest2" time="0.0">
    <system-out><![CDATA[After Method: Cleanup after each test method
Before Method: Setup before each test method
Test: Calculating Fibonacci for n = 17
Result of calculating Fibonacci for n = 17 result = 1597
]]></system-out>
  </testcase>
  <testcase name="testCalculateFibonacci[18, 2584](8)" classname="com.dustintsan.math.util.swt301.core.test.TestNGTest2" time="0.0">
    <system-out><![CDATA[After Method: Cleanup after each test method
Before Method: Setup before each test method
Test: Calculating Fibonacci for n = 18
Result of calculating Fibonacci for n = 18 result = 2584
]]></system-out>
  </testcase>
  <testcase name="testCalculateFibonacci[19, 4181](9)" classname="com.dustintsan.math.util.swt301.core.test.TestNGTest2" time="0.0">
    <system-out><![CDATA[After Method: Cleanup after each test method
Before Method: Setup before each test method
Test: Calculating Fibonacci for n = 19
Result of calculating Fibonacci for n = 19 result = 4181
]]></system-out>
  </testcase>
  <testcase name="testCalculateFibonacci[20, 6765](10)" classname="com.dustintsan.math.util.swt301.core.test.TestNGTest2" time="0.0">
    <system-out><![CDATA[After Method: Cleanup after each test method
Before Method: Setup before each test method
Test: Calculating Fibonacci for n = 20
Result of calculating Fibonacci for n = 20 result = 6765
]]></system-out>
  </testcase>
</testsuite>